[2025-02-03 12:04:43,017: INFO: common: Created directory at artifacts]
[2025-02-03 12:04:43,024: INFO: common: Created directory at artifacts/data_ingestion]
[2025-02-03 12:04:44,251: INFO: 1826563597: artifacts/data_ingestion/data.zip downloaded with info: 
Connection: close
Content-Length: 23329
Cache-Control: max-age=300
Content-Security-Policy: default-src 'none'; style-src 'unsafe-inline'; sandbox
Content-Type: application/zip
ETag: "c69888a4ae59bc5a893392785a938ccd4937981c06ba8a9d6a21aa52b4ab5b6e"
Strict-Transport-Security: max-age=31536000
X-Content-Type-Options: nosniff
X-Frame-Options: deny
X-XSS-Protection: 1; mode=block
X-GitHub-Request-Id: B52A:117D:1362763:144F528:67A05C7C
Accept-Ranges: bytes
Date: Mon, 03 Feb 2025 06:04:44 GMT
Via: 1.1 varnish
X-Served-By: cache-sin-wsss1830038-SIN
X-Cache: MISS
X-Cache-Hits: 0
X-Timer: S1738562685.522425,VS0,VE325
Vary: Authorization,Accept-Encoding,Origin
Access-Control-Allow-Origin: *
Cross-Origin-Resource-Policy: cross-origin
X-Fastly-Request-ID: 66708c9a217593da360e5990c0d5c0cb0a9f3e74
Expires: Mon, 03 Feb 2025 06:09:44 GMT
Source-Age: 0

]
[2025-02-03 12:25:10,360: INFO: main: ================ Data Ingestion Stage Starts ================]
[2025-02-03 12:25:10,393: INFO: common: Created directory at artifacts]
[2025-02-03 12:25:10,394: INFO: common: Created directory at artifacts/data_ingestion]
[2025-02-03 12:25:12,307: INFO: data_ingestion: artifacts/data_ingestion/data.zip downloaded with info: 
Connection: close
Content-Length: 23329
Cache-Control: max-age=300
Content-Security-Policy: default-src 'none'; style-src 'unsafe-inline'; sandbox
Content-Type: application/zip
ETag: "c69888a4ae59bc5a893392785a938ccd4937981c06ba8a9d6a21aa52b4ab5b6e"
Strict-Transport-Security: max-age=31536000
X-Content-Type-Options: nosniff
X-Frame-Options: deny
X-XSS-Protection: 1; mode=block
X-GitHub-Request-Id: B52A:117D:1362763:144F528:67A05C7C
Accept-Ranges: bytes
Date: Mon, 03 Feb 2025 06:25:12 GMT
Via: 1.1 varnish
X-Served-By: cache-sin-wsss1830072-SIN
X-Cache: HIT
X-Cache-Hits: 0
X-Timer: S1738563912.795866,VS0,VE1129
Vary: Authorization,Accept-Encoding,Origin
Access-Control-Allow-Origin: *
Cross-Origin-Resource-Policy: cross-origin
X-Fastly-Request-ID: 2da6eec8d26fb76b1289621baf6a1219372ab82e
Expires: Mon, 03 Feb 2025 06:30:12 GMT
Source-Age: 0

]
[2025-02-03 12:25:12,311: INFO: main: ================ Data Ingestion Stage Completed ================]
[2025-02-03 16:52:09,508: INFO: common: Created directory at artifacts]
[2025-02-03 16:52:09,511: INFO: common: Created directory at artifacts/data_validation]
[2025-02-03 16:53:00,927: INFO: common: Created directory at artifacts]
[2025-02-03 16:53:00,929: INFO: common: Created directory at artifacts/data_validation]
[2025-02-03 16:53:45,094: INFO: common: Created directory at artifacts]
[2025-02-03 16:53:45,095: INFO: common: Created directory at artifacts/data_validation]
[2025-02-03 17:47:04,541: INFO: main: ================ Data Ingestion Stage Starts ================]
[2025-02-03 17:47:04,544: INFO: common: Created directory at artifacts]
[2025-02-03 17:47:04,547: INFO: common: Created directory at artifacts/data_ingestion]
[2025-02-03 17:47:04,548: INFO: data_ingestion: File already exists]
[2025-02-03 17:47:04,558: INFO: main: ================ Data Ingestion Stage Completed ================]
[2025-02-03 17:47:04,558: INFO: main: ================ Data Ingestion Stage Starts ================]
[2025-02-03 17:47:04,563: INFO: common: Created directory at artifacts]
[2025-02-03 17:47:04,563: INFO: common: Created directory at artifacts/data_validation]
[2025-02-03 17:47:04,584: INFO: data_validation: Validation Success!]
[2025-02-03 17:47:04,584: INFO: data_validation: Validation Success!]
[2025-02-03 17:47:04,584: INFO: data_validation: Validation Success!]
[2025-02-03 17:47:04,586: INFO: data_validation: Validation Success!]
[2025-02-03 17:47:04,586: INFO: data_validation: Validation Success!]
[2025-02-03 17:47:04,588: INFO: data_validation: Validation Success!]
[2025-02-03 17:47:04,588: INFO: data_validation: Validation Success!]
[2025-02-03 17:47:04,590: INFO: data_validation: Validation Success!]
[2025-02-03 17:47:04,592: INFO: data_validation: Validation Success!]
[2025-02-03 17:47:04,593: INFO: data_validation: Validation Success!]
[2025-02-03 17:47:04,593: INFO: data_validation: Validation Success!]
[2025-02-03 17:47:04,594: INFO: data_validation: Validation Success!]
[2025-02-03 17:47:04,594: INFO: main: ================ Data Ingestion Stage Completed ================]
[2025-02-03 17:47:23,643: INFO: main: ================ Data Ingestion Stage Starts ================]
[2025-02-03 17:47:23,649: INFO: common: Created directory at artifacts]
[2025-02-03 17:47:23,649: INFO: common: Created directory at artifacts/data_ingestion]
[2025-02-03 17:47:28,962: INFO: data_ingestion: artifacts/data_ingestion/data.zip downloaded with info: 
Connection: close
Content-Length: 23329
Cache-Control: max-age=300
Content-Security-Policy: default-src 'none'; style-src 'unsafe-inline'; sandbox
Content-Type: application/zip
ETag: "c69888a4ae59bc5a893392785a938ccd4937981c06ba8a9d6a21aa52b4ab5b6e"
Strict-Transport-Security: max-age=31536000
X-Content-Type-Options: nosniff
X-Frame-Options: deny
X-XSS-Protection: 1; mode=block
X-GitHub-Request-Id: E74A:1177:137B769:147012B:67A0ACD0
Accept-Ranges: bytes
Date: Mon, 03 Feb 2025 11:47:29 GMT
Via: 1.1 varnish
X-Served-By: cache-sin-wsss1830073-SIN
X-Cache: MISS
X-Cache-Hits: 0
X-Timer: S1738583249.594040,VS0,VE534
Vary: Authorization,Accept-Encoding,Origin
Access-Control-Allow-Origin: *
Cross-Origin-Resource-Policy: cross-origin
X-Fastly-Request-ID: 94fc2ea251cb6c3ed56da4d2d178080ea592b3e0
Expires: Mon, 03 Feb 2025 11:52:29 GMT
Source-Age: 0

]
[2025-02-03 17:47:28,981: INFO: main: ================ Data Ingestion Stage Completed ================]
[2025-02-03 17:47:28,981: INFO: main: ================ Data Ingestion Stage Starts ================]
[2025-02-03 17:47:28,986: INFO: common: Created directory at artifacts]
[2025-02-03 17:47:28,987: INFO: common: Created directory at artifacts/data_validation]
[2025-02-03 17:47:29,015: INFO: data_validation: Validation Success!]
[2025-02-03 17:47:29,015: INFO: data_validation: Validation Success!]
[2025-02-03 17:47:29,018: INFO: data_validation: Validation Success!]
[2025-02-03 17:47:29,019: INFO: data_validation: Validation Success!]
[2025-02-03 17:47:29,020: INFO: data_validation: Validation Success!]
[2025-02-03 17:47:29,021: INFO: data_validation: Validation Success!]
[2025-02-03 17:47:29,023: INFO: data_validation: Validation Success!]
[2025-02-03 17:47:29,024: INFO: data_validation: Validation Success!]
[2025-02-03 17:47:29,025: INFO: data_validation: Validation Success!]
[2025-02-03 17:47:29,026: INFO: data_validation: Validation Success!]
[2025-02-03 17:47:29,027: INFO: data_validation: Validation Success!]
[2025-02-03 17:47:29,028: INFO: data_validation: Validation Success!]
[2025-02-03 17:47:29,028: INFO: main: ================ Data Ingestion Stage Completed ================]
[2025-02-03 17:47:55,155: INFO: main: ================ Data Ingestion Stage Starts ================]
[2025-02-03 17:47:55,164: INFO: common: Created directory at artifacts]
[2025-02-03 17:47:55,165: INFO: common: Created directory at artifacts/data_ingestion]
[2025-02-03 17:47:55,166: INFO: data_ingestion: File already exists]
[2025-02-03 17:47:55,171: INFO: main: ================ Data Ingestion Stage Completed ================]
[2025-02-03 17:47:55,172: INFO: main: ================ Data Validation Stage Starts ================]
[2025-02-03 17:47:55,176: INFO: common: Created directory at artifacts]
[2025-02-03 17:47:55,176: INFO: common: Created directory at artifacts/data_validation]
[2025-02-03 17:47:55,201: INFO: data_validation: Validation Success!]
[2025-02-03 17:47:55,203: INFO: data_validation: Validation Success!]
[2025-02-03 17:47:55,203: INFO: data_validation: Validation Success!]
[2025-02-03 17:47:55,206: INFO: data_validation: Validation Success!]
[2025-02-03 17:47:55,206: INFO: data_validation: Validation Success!]
[2025-02-03 17:47:55,208: INFO: data_validation: Validation Success!]
[2025-02-03 17:47:55,208: INFO: data_validation: Validation Success!]
[2025-02-03 17:47:55,208: INFO: data_validation: Validation Success!]
[2025-02-03 17:47:55,208: INFO: data_validation: Validation Success!]
[2025-02-03 17:47:55,210: INFO: data_validation: Validation Success!]
[2025-02-03 17:47:55,211: INFO: data_validation: Validation Success!]
[2025-02-03 17:47:55,211: INFO: data_validation: Validation Success!]
[2025-02-03 17:47:55,212: INFO: main: ================ Data Validation Stage Completed ================]
[2025-02-03 18:05:23,330: INFO: main: ================ Data Ingestion Stage Starts ================]
[2025-02-03 18:05:23,333: INFO: common: Created directory at artifacts]
[2025-02-03 18:05:23,335: INFO: common: Created directory at artifacts/data_ingestion]
[2025-02-03 18:05:25,647: INFO: data_ingestion: artifacts/data_ingestion/data.zip downloaded with info: 
Connection: close
Content-Length: 23329
Cache-Control: max-age=300
Content-Security-Policy: default-src 'none'; style-src 'unsafe-inline'; sandbox
Content-Type: application/zip
ETag: "c69888a4ae59bc5a893392785a938ccd4937981c06ba8a9d6a21aa52b4ab5b6e"
Strict-Transport-Security: max-age=31536000
X-Content-Type-Options: nosniff
X-Frame-Options: deny
X-XSS-Protection: 1; mode=block
X-GitHub-Request-Id: E74A:1177:137B769:147012B:67A0ACD0
Accept-Ranges: bytes
Date: Mon, 03 Feb 2025 12:05:26 GMT
Via: 1.1 varnish
X-Served-By: cache-sin-wsss1830058-SIN
X-Cache: HIT
X-Cache-Hits: 0
X-Timer: S1738584327.581974,VS0,VE288
Vary: Authorization,Accept-Encoding,Origin
Access-Control-Allow-Origin: *
Cross-Origin-Resource-Policy: cross-origin
X-Fastly-Request-ID: 3c8664535309310a523fe5ce5b17c795f2387ae7
Expires: Mon, 03 Feb 2025 12:10:26 GMT
Source-Age: 0

]
[2025-02-03 18:05:25,670: INFO: main: ================ Data Ingestion Stage Completed ================]
[2025-02-03 18:05:25,670: INFO: main: ================ Data Validation Stage Starts ================]
[2025-02-03 18:05:25,677: INFO: common: Created directory at artifacts]
[2025-02-03 18:05:25,679: INFO: common: Created directory at artifacts/data_validation]
[2025-02-03 18:05:25,704: INFO: data_validation: Validation Success!]
[2025-02-03 18:05:25,706: INFO: data_validation: Validation Success!]
[2025-02-03 18:05:25,707: INFO: data_validation: Validation Success!]
[2025-02-03 18:05:25,707: INFO: data_validation: Validation Success!]
[2025-02-03 18:05:25,709: INFO: data_validation: Validation Success!]
[2025-02-03 18:05:25,710: INFO: data_validation: Validation Success!]
[2025-02-03 18:05:25,711: INFO: data_validation: Validation Success!]
[2025-02-03 18:05:25,713: INFO: data_validation: Validation Success!]
[2025-02-03 18:05:25,714: INFO: data_validation: Validation Success!]
[2025-02-03 18:05:25,715: INFO: data_validation: Validation Success!]
[2025-02-03 18:05:25,716: INFO: data_validation: Validation Success!]
[2025-02-03 18:05:25,717: INFO: data_validation: Validation Success!]
[2025-02-03 18:05:25,719: INFO: main: ================ Data Validation Stage Completed ================]
[2025-02-03 18:07:57,631: INFO: main: ================ Data Ingestion Stage Starts ================]
[2025-02-03 18:07:57,636: INFO: common: Created directory at artifacts]
[2025-02-03 18:07:57,636: INFO: common: Created directory at artifacts/data_ingestion]
[2025-02-03 18:07:57,639: INFO: data_ingestion: File already exists]
[2025-02-03 18:07:57,644: INFO: main: ================ Data Ingestion Stage Completed ================]
[2025-02-03 18:07:57,644: INFO: main: ================ Data Validation Stage Starts ================]
[2025-02-03 18:07:57,653: INFO: common: Created directory at artifacts]
[2025-02-03 18:07:57,654: INFO: common: Created directory at artifacts/data_validation]
[2025-02-03 18:07:57,685: INFO: main: ================ Data Validation Stage Completed ================]
[2025-02-03 18:08:19,956: INFO: main: ================ Data Ingestion Stage Starts ================
]
[2025-02-03 18:08:19,961: INFO: common: Created directory at artifacts]
[2025-02-03 18:08:19,961: INFO: common: Created directory at artifacts/data_ingestion]
[2025-02-03 18:08:19,961: INFO: data_ingestion: File already exists]
[2025-02-03 18:08:19,967: INFO: main: ================ Data Ingestion Stage Completed ================]
[2025-02-03 18:08:19,967: INFO: main: ================ Data Validation Stage Starts ================]
[2025-02-03 18:08:19,974: INFO: common: Created directory at artifacts]
[2025-02-03 18:08:19,975: INFO: common: Created directory at artifacts/data_validation]
[2025-02-03 18:08:20,002: INFO: main: ================ Data Validation Stage Completed ================]
[2025-02-03 18:08:32,779: INFO: main: ================ Data Ingestion Stage Starts ================

]
[2025-02-03 18:08:32,784: INFO: common: Created directory at artifacts]
[2025-02-03 18:08:32,784: INFO: common: Created directory at artifacts/data_ingestion]
[2025-02-03 18:08:32,784: INFO: data_ingestion: File already exists]
[2025-02-03 18:08:32,788: INFO: main: ================ Data Ingestion Stage Completed ================]
[2025-02-03 18:08:32,788: INFO: main: ================ Data Validation Stage Starts ================]
[2025-02-03 18:08:32,795: INFO: common: Created directory at artifacts]
[2025-02-03 18:08:32,797: INFO: common: Created directory at artifacts/data_validation]
[2025-02-03 18:08:32,822: INFO: main: ================ Data Validation Stage Completed ================]
[2025-02-03 21:12:00,626: INFO: common: Created directory at artifacts]
[2025-02-03 21:13:57,044: INFO: common: Created directory at artifacts]
[2025-02-03 21:13:57,049: INFO: common: Created directory at artifacts/data_transformation]
[2025-02-03 21:13:57,110: INFO: 4066162907: Splitted data into train and test sets]
[2025-02-03 21:13:57,111: INFO: 4066162907: Train data shape: (1199, 12)]
[2025-02-03 21:13:57,112: INFO: 4066162907: Test data shape: (400, 12)]
[2025-02-03 21:28:53,308: INFO: main: ================ Data Ingestion Stage Starts ================]
[2025-02-03 21:28:53,321: INFO: common: Created directory at artifacts]
[2025-02-03 21:28:53,321: INFO: common: Created directory at artifacts/data_ingestion]
[2025-02-03 21:28:53,321: INFO: data_ingestion: File already exists]
[2025-02-03 21:28:53,321: INFO: main: ================ Data Ingestion Stage Completed ================]
[2025-02-03 21:28:53,321: INFO: main: ================ Data Validation Stage Starts ================]
[2025-02-03 21:28:53,321: INFO: common: Created directory at artifacts]
[2025-02-03 21:28:53,321: INFO: common: Created directory at artifacts/data_validation]
[2025-02-03 21:28:53,359: INFO: main: ================ Data Validation Stage Completed ================]
[2025-02-03 21:28:53,359: INFO: main: ================ Data Transformation Stage Starts ================]
[2025-02-03 21:28:53,365: INFO: common: Created directory at artifacts]
[2025-02-03 21:28:53,367: INFO: common: Created directory at artifacts/data_transformation]
[2025-02-03 21:28:53,391: INFO: data_transformation: Splitted data into train and test sets]
[2025-02-03 21:28:53,391: INFO: data_transformation: Train data shape: (1199, 12)]
[2025-02-03 21:28:53,391: INFO: data_transformation: Test data shape: (400, 12)]
[2025-02-03 21:28:53,399: INFO: main: ================ Data Transformation Stage Completed ================]
[2025-02-03 21:29:08,949: INFO: main: ================ Data Ingestion Stage Starts ================]
[2025-02-03 21:29:08,949: INFO: common: Created directory at artifacts]
[2025-02-03 21:29:08,949: INFO: common: Created directory at artifacts/data_ingestion]
[2025-02-03 21:29:17,593: INFO: data_ingestion: artifacts/data_ingestion/data.zip downloaded with info: 
Connection: close
Content-Length: 23329
Cache-Control: max-age=300
Content-Security-Policy: default-src 'none'; style-src 'unsafe-inline'; sandbox
Content-Type: application/zip
ETag: "c69888a4ae59bc5a893392785a938ccd4937981c06ba8a9d6a21aa52b4ab5b6e"
Strict-Transport-Security: max-age=31536000
X-Content-Type-Options: nosniff
X-Frame-Options: deny
X-XSS-Protection: 1; mode=block
X-GitHub-Request-Id: 709E:20B4C1:29A51E6:2B725DA:67A0E0C7
Accept-Ranges: bytes
Date: Mon, 03 Feb 2025 15:29:18 GMT
Via: 1.1 varnish
X-Served-By: cache-sin-wsss1830041-SIN
X-Cache: MISS
X-Cache-Hits: 0
X-Timer: S1738596551.219020,VS0,VE7545
Vary: Authorization,Accept-Encoding,Origin
Access-Control-Allow-Origin: *
Cross-Origin-Resource-Policy: cross-origin
X-Fastly-Request-ID: 417c47e0c06204a2522c43973e4b5fc105d11308
Expires: Mon, 03 Feb 2025 15:34:18 GMT
Source-Age: 3

]
[2025-02-03 21:29:17,609: INFO: main: ================ Data Ingestion Stage Completed ================]
[2025-02-03 21:29:17,609: INFO: main: ================ Data Validation Stage Starts ================]
[2025-02-03 21:29:17,616: INFO: common: Created directory at artifacts]
[2025-02-03 21:29:17,617: INFO: common: Created directory at artifacts/data_validation]
[2025-02-03 21:29:17,640: INFO: main: ================ Data Validation Stage Completed ================]
[2025-02-03 21:29:17,640: INFO: main: ================ Data Transformation Stage Starts ================]
[2025-02-03 21:29:17,646: INFO: common: Created directory at artifacts]
[2025-02-03 21:29:17,648: INFO: common: Created directory at artifacts/data_transformation]
[2025-02-03 21:29:17,671: INFO: data_transformation: Splitted data into train and test sets]
[2025-02-03 21:29:17,675: INFO: data_transformation: Train data shape: (1199, 12)]
[2025-02-03 21:29:17,675: INFO: data_transformation: Test data shape: (400, 12)]
[2025-02-03 21:29:17,675: INFO: main: ================ Data Transformation Stage Completed ================]
[2025-02-04 07:16:33,167: INFO: common: Created directory at artifacts]
[2025-02-04 07:16:33,170: INFO: common: Created directory at artifacts/model_trainer]
[2025-02-04 07:18:08,352: INFO: common: Created directory at artifacts]
[2025-02-04 07:18:08,354: INFO: common: Created directory at artifacts/model_trainer]
[2025-02-04 07:19:31,837: INFO: common: Created directory at artifacts]
[2025-02-04 07:19:31,839: INFO: common: Created directory at artifacts/model_trainer]
[2025-02-04 07:28:25,235: INFO: main: ================ Data Ingestion Stage Starts ================]
[2025-02-04 07:28:25,239: INFO: common: Created directory at artifacts]
[2025-02-04 07:28:25,239: INFO: common: Created directory at artifacts/data_ingestion]
[2025-02-04 07:28:25,240: INFO: data_ingestion: File already exists]
[2025-02-04 07:28:25,255: INFO: main: ================ Data Ingestion Stage Completed ================]
[2025-02-04 07:28:25,255: INFO: main: ================ Data Validation Stage Starts ================]
[2025-02-04 07:28:25,269: INFO: common: Created directory at artifacts]
[2025-02-04 07:28:25,269: INFO: common: Created directory at artifacts/data_validation]
[2025-02-04 07:28:25,292: INFO: main: ================ Data Validation Stage Completed ================]
[2025-02-04 07:28:25,292: INFO: main: ================ Data Transformation Stage Starts ================]
[2025-02-04 07:28:25,300: INFO: common: Created directory at artifacts]
[2025-02-04 07:28:25,301: INFO: common: Created directory at artifacts/data_transformation]
[2025-02-04 07:28:25,330: INFO: data_transformation: Splitted data into train and test sets]
[2025-02-04 07:28:25,330: INFO: data_transformation: Train data shape: (1199, 12)]
[2025-02-04 07:28:25,330: INFO: data_transformation: Test data shape: (400, 12)]
[2025-02-04 07:28:25,330: INFO: main: ================ Data Transformation Stage Completed ================]
[2025-02-04 07:28:25,331: INFO: main: ================ Model Training Stage Starts ================]
[2025-02-04 07:28:25,338: INFO: common: Created directory at artifacts]
[2025-02-04 07:28:25,338: INFO: common: Created directory at artifacts/model_trainer]
[2025-02-04 07:28:25,382: INFO: main: ================ Model Training Stage Completed ================]
[2025-02-04 07:28:45,623: INFO: main: ================ Data Ingestion Stage Starts ================]
[2025-02-04 07:28:45,638: INFO: common: Created directory at artifacts]
[2025-02-04 07:28:45,643: INFO: common: Created directory at artifacts/data_ingestion]
[2025-02-04 07:28:47,544: INFO: data_ingestion: artifacts/data_ingestion/data.zip downloaded with info: 
Connection: close
Content-Length: 23329
Cache-Control: max-age=300
Content-Security-Policy: default-src 'none'; style-src 'unsafe-inline'; sandbox
Content-Type: application/zip
ETag: "c69888a4ae59bc5a893392785a938ccd4937981c06ba8a9d6a21aa52b4ab5b6e"
Strict-Transport-Security: max-age=31536000
X-Content-Type-Options: nosniff
X-Frame-Options: deny
X-XSS-Protection: 1; mode=block
X-GitHub-Request-Id: A0E9:118C:3E5B7D:41A53C:67A16D4F
Accept-Ranges: bytes
Date: Tue, 04 Feb 2025 01:28:48 GMT
Via: 1.1 varnish
X-Served-By: cache-sin-wsss1830032-SIN
X-Cache: MISS
X-Cache-Hits: 0
X-Timer: S1738632528.280352,VS0,VE428
Vary: Authorization,Accept-Encoding,Origin
Access-Control-Allow-Origin: *
Cross-Origin-Resource-Policy: cross-origin
X-Fastly-Request-ID: 45ce9128fe20b08868707fb74468422c8d93661c
Expires: Tue, 04 Feb 2025 01:33:48 GMT
Source-Age: 0

]
[2025-02-04 07:28:47,604: INFO: main: ================ Data Ingestion Stage Completed ================]
[2025-02-04 07:28:47,604: INFO: main: ================ Data Validation Stage Starts ================]
[2025-02-04 07:28:47,633: INFO: common: Created directory at artifacts]
[2025-02-04 07:28:47,633: INFO: common: Created directory at artifacts/data_validation]
[2025-02-04 07:28:47,730: INFO: main: ================ Data Validation Stage Completed ================]
[2025-02-04 07:28:47,730: INFO: main: ================ Data Transformation Stage Starts ================]
[2025-02-04 07:28:47,760: INFO: common: Created directory at artifacts]
[2025-02-04 07:28:47,768: INFO: common: Created directory at artifacts/data_transformation]
[2025-02-04 07:28:47,878: INFO: data_transformation: Splitted data into train and test sets]
[2025-02-04 07:28:47,878: INFO: data_transformation: Train data shape: (1199, 12)]
[2025-02-04 07:28:47,880: INFO: data_transformation: Test data shape: (400, 12)]
[2025-02-04 07:28:47,882: INFO: main: ================ Data Transformation Stage Completed ================]
[2025-02-04 07:28:47,883: INFO: main: ================ Model Training Stage Starts ================]
[2025-02-04 07:28:47,915: INFO: common: Created directory at artifacts]
[2025-02-04 07:28:47,918: INFO: common: Created directory at artifacts/model_trainer]
[2025-02-04 07:28:48,064: INFO: main: ================ Model Training Stage Completed ================]
[2025-02-04 09:59:26,439: INFO: common: Created directory at artifacts]
[2025-02-04 10:04:59,861: INFO: common: Created directory at artifacts]
[2025-02-04 10:07:28,399: INFO: common: Created directory at artifacts]
[2025-02-04 10:08:17,986: INFO: common: Created directory at artifacts]
[2025-02-04 10:08:55,460: INFO: common: Created directory at artifacts]
[2025-02-04 10:09:53,456: INFO: common: Created directory at artifacts]
[2025-02-04 10:09:53,467: INFO: common: Created directory at artifacts/model_evaluation]
[2025-02-04 10:10:24,365: INFO: common: Created directory at artifacts]
[2025-02-04 10:10:24,373: INFO: common: Created directory at artifacts/model_evaluation]
[2025-02-04 10:11:25,667: INFO: common: Created directory at artifacts]
[2025-02-04 10:11:25,671: INFO: common: Created directory at artifacts/model_evaluation]
[2025-02-04 10:11:25,692: INFO: common: json file saved at artifacts\model_evaluation\metrics.json]
[2025-02-04 10:18:51,569: INFO: main: ================ Data Ingestion Stage Starts ================]
[2025-02-04 10:18:51,583: INFO: common: Created directory at artifacts]
[2025-02-04 10:18:51,583: INFO: common: Created directory at artifacts/data_ingestion]
[2025-02-04 10:18:51,583: INFO: data_ingestion: File already exists]
[2025-02-04 10:18:51,640: INFO: main: ================ Data Ingestion Stage Completed ================]
[2025-02-04 10:18:51,640: INFO: main: ================ Data Validation Stage Starts ================]
[2025-02-04 10:18:51,653: INFO: common: Created directory at artifacts]
[2025-02-04 10:18:51,654: INFO: common: Created directory at artifacts/data_validation]
[2025-02-04 10:18:51,709: INFO: main: ================ Data Validation Stage Completed ================]
[2025-02-04 10:18:51,709: INFO: main: ================ Data Transformation Stage Starts ================]
[2025-02-04 10:18:51,720: INFO: common: Created directory at artifacts]
[2025-02-04 10:18:51,723: INFO: common: Created directory at artifacts/data_transformation]
[2025-02-04 10:18:51,790: INFO: data_transformation: Splitted data into train and test sets]
[2025-02-04 10:18:51,790: INFO: data_transformation: Train data shape: (1199, 12)]
[2025-02-04 10:18:51,790: INFO: data_transformation: Test data shape: (400, 12)]
[2025-02-04 10:18:51,790: INFO: main: ================ Data Transformation Stage Completed ================]
[2025-02-04 10:18:51,790: INFO: main: ================ Model Training Stage Starts ================]
[2025-02-04 10:18:51,806: INFO: common: Created directory at artifacts]
[2025-02-04 10:18:51,806: INFO: common: Created directory at artifacts/model_trainer]
[2025-02-04 10:18:51,894: INFO: main: ================ Model Training Stage Completed ================]
[2025-02-04 10:18:51,894: INFO: main: ================ Model Evaluation Stage Starts ================]
[2025-02-04 10:18:51,909: INFO: common: Created directory at artifacts]
[2025-02-04 10:18:51,912: INFO: common: Created directory at artifacts/model_trainer]
[2025-02-04 10:18:51,943: INFO: main: ================ Model Evaluation Stage Completed ================]
[2025-02-04 10:19:18,269: INFO: main: ================ Data Ingestion Stage Starts ================]
[2025-02-04 10:19:18,280: INFO: common: Created directory at artifacts]
[2025-02-04 10:19:18,280: INFO: common: Created directory at artifacts/data_ingestion]
[2025-02-04 10:19:52,526: INFO: main: ================ Data Ingestion Stage Starts ================]
[2025-02-04 10:19:52,538: INFO: common: Created directory at artifacts]
[2025-02-04 10:19:52,539: INFO: common: Created directory at artifacts/data_ingestion]
[2025-02-04 10:20:20,391: INFO: main: ================ Data Ingestion Stage Starts ================]
[2025-02-04 10:20:20,419: INFO: common: Created directory at artifacts]
[2025-02-04 10:20:20,421: INFO: common: Created directory at artifacts/data_ingestion]
[2025-02-04 10:22:49,061: INFO: main: ================ Data Ingestion Stage Starts ================]
[2025-02-04 10:22:49,073: INFO: common: Created directory at artifacts]
[2025-02-04 10:22:49,073: INFO: common: Created directory at artifacts/data_ingestion]
[2025-02-04 10:22:49,073: INFO: data_ingestion: File already exists]
[2025-02-04 10:22:49,086: INFO: main: ================ Data Ingestion Stage Completed ================]
[2025-02-04 10:22:49,086: INFO: main: ================ Data Validation Stage Starts ================]
[2025-02-04 10:22:49,100: INFO: common: Created directory at artifacts]
[2025-02-04 10:22:49,103: INFO: common: Created directory at artifacts/data_validation]
[2025-02-04 10:22:49,167: INFO: main: ================ Data Validation Stage Completed ================]
[2025-02-04 10:22:49,169: INFO: main: ================ Data Transformation Stage Starts ================]
[2025-02-04 10:22:49,180: INFO: common: Created directory at artifacts]
[2025-02-04 10:22:49,183: INFO: common: Created directory at artifacts/data_transformation]
[2025-02-04 10:22:49,238: INFO: data_transformation: Splitted data into train and test sets]
[2025-02-04 10:22:49,238: INFO: data_transformation: Train data shape: (1199, 12)]
[2025-02-04 10:22:49,238: INFO: data_transformation: Test data shape: (400, 12)]
[2025-02-04 10:22:49,238: INFO: main: ================ Data Transformation Stage Completed ================]
[2025-02-04 10:22:49,238: INFO: main: ================ Model Training Stage Starts ================]
[2025-02-04 10:22:49,257: INFO: common: Created directory at artifacts]
[2025-02-04 10:22:49,257: INFO: common: Created directory at artifacts/model_trainer]
[2025-02-04 10:22:49,348: INFO: main: ================ Model Training Stage Completed ================]
[2025-02-04 10:22:49,348: INFO: main: ================ Model Evaluation Stage Starts ================]
[2025-02-04 10:22:49,359: INFO: common: Created directory at artifacts]
[2025-02-04 10:22:49,359: INFO: common: Created directory at artifacts/model_trainer]
[2025-02-04 10:22:49,391: INFO: main: ================ Model Evaluation Stage Completed ================]
[2025-02-04 11:43:27,383: INFO: main: ================ Data Ingestion Stage Starts ================]
[2025-02-04 11:43:27,383: INFO: common: Created directory at artifacts]
[2025-02-04 11:43:27,383: INFO: common: Created directory at artifacts/data_ingestion]
[2025-02-04 11:43:27,383: INFO: data_ingestion: File already exists]
[2025-02-04 11:43:27,402: INFO: main: ================ Data Ingestion Stage Completed ================]
[2025-02-04 11:43:27,403: INFO: main: ================ Data Validation Stage Starts ================]
[2025-02-04 11:43:27,405: INFO: common: Created directory at artifacts]
[2025-02-04 11:43:27,405: INFO: common: Created directory at artifacts/data_validation]
[2025-02-04 11:43:27,432: INFO: main: ================ Data Validation Stage Completed ================]
[2025-02-04 11:43:27,432: INFO: main: ================ Data Transformation Stage Starts ================]
[2025-02-04 11:43:27,439: INFO: common: Created directory at artifacts]
[2025-02-04 11:43:27,439: INFO: common: Created directory at artifacts/data_transformation]
[2025-02-04 11:43:27,465: INFO: data_transformation: Splitted data into train and test sets]
[2025-02-04 11:43:27,465: INFO: data_transformation: Train data shape: (1199, 12)]
[2025-02-04 11:43:27,466: INFO: data_transformation: Test data shape: (400, 12)]
[2025-02-04 11:43:27,466: INFO: main: ================ Data Transformation Stage Completed ================]
[2025-02-04 11:43:27,466: INFO: main: ================ Model Training Stage Starts ================]
[2025-02-04 11:43:27,471: INFO: common: Created directory at artifacts]
[2025-02-04 11:43:27,472: INFO: common: Created directory at artifacts/model_trainer]
[2025-02-04 11:43:27,517: INFO: main: ================ Model Training Stage Completed ================]
[2025-02-04 11:43:27,517: INFO: main: ================ Model Evaluation Stage Starts ================]
[2025-02-04 11:43:27,517: INFO: common: Created directory at artifacts]
[2025-02-04 11:43:27,517: INFO: common: Created directory at artifacts/model_trainer]
[2025-02-04 11:43:27,538: INFO: main: ================ Model Evaluation Stage Completed ================]
[2025-02-04 11:49:39,277: INFO: common: Created directory at artifacts]
[2025-02-04 11:49:39,277: INFO: common: Created directory at artifacts/model_evaluation]
[2025-02-04 11:49:39,310: INFO: common: json file saved at artifacts\model_evaluation\metrics.json]
[2025-02-04 11:53:58,033: INFO: main: ================ Data Ingestion Stage Starts ================]
[2025-02-04 11:53:58,033: INFO: common: Created directory at artifacts]
[2025-02-04 11:53:58,033: INFO: common: Created directory at artifacts/data_ingestion]
[2025-02-04 11:53:58,033: INFO: data_ingestion: File already exists]
[2025-02-04 11:53:58,050: INFO: main: ================ Data Ingestion Stage Completed ================]
[2025-02-04 11:53:58,050: INFO: main: ================ Data Validation Stage Starts ================]
[2025-02-04 11:53:58,056: INFO: common: Created directory at artifacts]
[2025-02-04 11:53:58,057: INFO: common: Created directory at artifacts/data_validation]
[2025-02-04 11:53:58,074: INFO: main: ================ Data Validation Stage Completed ================]
[2025-02-04 11:53:58,083: INFO: main: ================ Data Transformation Stage Starts ================]
[2025-02-04 11:53:58,092: INFO: common: Created directory at artifacts]
[2025-02-04 11:53:58,092: INFO: common: Created directory at artifacts/data_transformation]
[2025-02-04 11:53:58,123: INFO: data_transformation: Splitted data into train and test sets]
[2025-02-04 11:53:58,123: INFO: data_transformation: Train data shape: (1199, 12)]
[2025-02-04 11:53:58,124: INFO: data_transformation: Test data shape: (400, 12)]
[2025-02-04 11:53:58,124: INFO: main: ================ Data Transformation Stage Completed ================]
[2025-02-04 11:53:58,124: INFO: main: ================ Model Training Stage Starts ================]
[2025-02-04 11:53:58,124: INFO: common: Created directory at artifacts]
[2025-02-04 11:53:58,124: INFO: common: Created directory at artifacts/model_trainer]
[2025-02-04 11:53:58,161: INFO: main: ================ Model Training Stage Completed ================]
[2025-02-04 11:53:58,161: INFO: main: ================ Model Evaluation Stage Starts ================]
[2025-02-04 11:53:58,175: INFO: common: Created directory at artifacts]
[2025-02-04 11:53:58,176: INFO: common: Created directory at artifacts/model_trainer]
[2025-02-04 11:53:58,189: INFO: main: ================ Model Evaluation Stage Completed ================]
[2025-02-04 11:55:18,209: INFO: main: ================ Data Ingestion Stage Starts ================]
[2025-02-04 11:55:18,221: INFO: common: Created directory at artifacts]
[2025-02-04 11:55:18,221: INFO: common: Created directory at artifacts/data_ingestion]
[2025-02-04 11:55:18,221: INFO: data_ingestion: File already exists]
[2025-02-04 11:55:18,225: INFO: main: ================ Data Ingestion Stage Completed ================]
[2025-02-04 11:55:18,227: INFO: main: ================ Data Validation Stage Starts ================]
[2025-02-04 11:55:18,238: INFO: common: Created directory at artifacts]
[2025-02-04 11:55:18,238: INFO: common: Created directory at artifacts/data_validation]
[2025-02-04 11:55:18,269: INFO: main: ================ Data Validation Stage Completed ================]
[2025-02-04 11:55:18,269: INFO: main: ================ Data Transformation Stage Starts ================]
[2025-02-04 11:55:18,278: INFO: common: Created directory at artifacts]
[2025-02-04 11:55:18,279: INFO: common: Created directory at artifacts/data_transformation]
[2025-02-04 11:55:18,313: INFO: data_transformation: Splitted data into train and test sets]
[2025-02-04 11:55:18,314: INFO: data_transformation: Train data shape: (1199, 12)]
[2025-02-04 11:55:18,317: INFO: data_transformation: Test data shape: (400, 12)]
[2025-02-04 11:55:18,318: INFO: main: ================ Data Transformation Stage Completed ================]
[2025-02-04 11:55:18,318: INFO: main: ================ Model Training Stage Starts ================]
[2025-02-04 11:55:18,328: INFO: common: Created directory at artifacts]
[2025-02-04 11:55:18,329: INFO: common: Created directory at artifacts/model_trainer]
[2025-02-04 11:55:18,387: INFO: main: ================ Model Training Stage Completed ================]
[2025-02-04 11:55:18,387: INFO: main: ================ Model Evaluation Stage Starts ================]
[2025-02-04 11:55:18,396: INFO: common: Created directory at artifacts]
[2025-02-04 11:55:18,396: INFO: common: Created directory at artifacts/model_evaluation]
[2025-02-04 11:55:18,426: INFO: model_evaluation: Data and Model Loaded]
[2025-02-04 11:55:18,439: INFO: common: json file saved at artifacts\model_evaluation\metrics.json]
[2025-02-04 11:55:30,818: INFO: main: ================ Model Evaluation Stage Completed ================]
[2025-02-04 11:58:03,394: INFO: main: ================ Data Ingestion Stage Starts ================]
[2025-02-04 11:58:03,403: INFO: common: Created directory at artifacts]
[2025-02-04 11:58:03,403: INFO: common: Created directory at artifacts/data_ingestion]
[2025-02-04 11:58:04,686: INFO: data_ingestion: artifacts/data_ingestion/data.zip downloaded with info: 
Connection: close
Content-Length: 23329
Cache-Control: max-age=300
Content-Security-Policy: default-src 'none'; style-src 'unsafe-inline'; sandbox
Content-Type: application/zip
ETag: "c69888a4ae59bc5a893392785a938ccd4937981c06ba8a9d6a21aa52b4ab5b6e"
Strict-Transport-Security: max-age=31536000
X-Content-Type-Options: nosniff
X-Frame-Options: deny
X-XSS-Protection: 1; mode=block
X-GitHub-Request-Id: 0EB6:FF025:78DC7:C272A:67A1AC64
Accept-Ranges: bytes
Date: Tue, 04 Feb 2025 05:58:05 GMT
Via: 1.1 varnish
X-Served-By: cache-ccu830021-CCU
X-Cache: MISS
X-Cache-Hits: 0
X-Timer: S1738648685.918412,VS0,VE320
Vary: Authorization,Accept-Encoding,Origin
Access-Control-Allow-Origin: *
Cross-Origin-Resource-Policy: cross-origin
X-Fastly-Request-ID: dc0cca2e85834aeb0484279f5c9a57441d03061f
Expires: Tue, 04 Feb 2025 06:03:05 GMT
Source-Age: 0

]
[2025-02-04 11:58:04,742: INFO: main: ================ Data Ingestion Stage Completed ================]
[2025-02-04 11:58:04,742: INFO: main: ================ Data Validation Stage Starts ================]
[2025-02-04 11:58:04,754: INFO: common: Created directory at artifacts]
[2025-02-04 11:58:04,754: INFO: common: Created directory at artifacts/data_validation]
[2025-02-04 11:58:04,805: INFO: main: ================ Data Validation Stage Completed ================]
[2025-02-04 11:58:04,806: INFO: main: ================ Data Transformation Stage Starts ================]
[2025-02-04 11:58:04,813: INFO: common: Created directory at artifacts]
[2025-02-04 11:58:04,815: INFO: common: Created directory at artifacts/data_transformation]
[2025-02-04 11:58:04,844: INFO: data_transformation: Splitted data into train and test sets]
[2025-02-04 11:58:04,845: INFO: data_transformation: Train data shape: (1199, 12)]
[2025-02-04 11:58:04,845: INFO: data_transformation: Test data shape: (400, 12)]
[2025-02-04 11:58:04,846: INFO: main: ================ Data Transformation Stage Completed ================]
[2025-02-04 11:58:04,846: INFO: main: ================ Model Training Stage Starts ================]
[2025-02-04 11:58:04,855: INFO: common: Created directory at artifacts]
[2025-02-04 11:58:04,856: INFO: common: Created directory at artifacts/model_trainer]
[2025-02-04 11:58:04,893: INFO: main: ================ Model Training Stage Completed ================]
[2025-02-04 11:58:04,898: INFO: main: ================ Model Evaluation Stage Starts ================]
[2025-02-04 11:58:04,911: INFO: common: Created directory at artifacts]
[2025-02-04 11:58:04,911: INFO: common: Created directory at artifacts/model_evaluation]
[2025-02-04 11:58:04,925: INFO: model_evaluation: Data and Model Loaded]
[2025-02-04 11:58:04,940: INFO: common: json file saved at artifacts\model_evaluation\metrics.json]
[2025-02-04 11:58:05,479: INFO: model_evaluation: Evaluation metrics are logged to MLFlow]
[2025-02-04 11:58:12,248: INFO: model_evaluation: Model is logged to MLFlow]
[2025-02-04 11:58:12,288: INFO: main: ================ Model Evaluation Stage Completed ================]
[2025-02-04 12:19:50,562: INFO: main: ================ Data Ingestion Stage Starts ================]
[2025-02-04 12:19:50,562: INFO: common: Created directory at artifacts]
[2025-02-04 12:19:50,562: INFO: common: Created directory at artifacts/data_ingestion]
[2025-02-04 12:19:50,562: INFO: data_ingestion: File already exists]
[2025-02-04 12:19:50,577: INFO: main: ================ Data Ingestion Stage Completed ================]
[2025-02-04 12:19:50,577: INFO: main: ================ Data Validation Stage Starts ================]
[2025-02-04 12:19:50,583: INFO: common: Created directory at artifacts]
[2025-02-04 12:19:50,584: INFO: common: Created directory at artifacts/data_validation]
[2025-02-04 12:19:50,603: INFO: main: ================ Data Validation Stage Completed ================]
[2025-02-04 12:19:50,603: INFO: main: ================ Data Transformation Stage Starts ================]
[2025-02-04 12:19:50,617: INFO: common: Created directory at artifacts]
[2025-02-04 12:19:50,618: INFO: common: Created directory at artifacts/data_transformation]
[2025-02-04 12:19:50,642: INFO: data_transformation: Splitted data into train and test sets]
[2025-02-04 12:19:50,642: INFO: data_transformation: Train data shape: (1199, 12)]
[2025-02-04 12:19:50,642: INFO: data_transformation: Test data shape: (400, 12)]
[2025-02-04 12:19:50,642: INFO: main: ================ Data Transformation Stage Completed ================]
[2025-02-04 12:19:50,642: INFO: main: ================ Model Training Stage Starts ================]
[2025-02-04 12:19:50,654: INFO: common: Created directory at artifacts]
[2025-02-04 12:19:50,654: INFO: common: Created directory at artifacts/model_trainer]
[2025-02-04 12:19:50,696: INFO: main: ================ Model Training Stage Completed ================]
[2025-02-04 12:19:50,696: INFO: main: ================ Model Evaluation Stage Starts ================]
[2025-02-04 12:19:50,707: INFO: common: Created directory at artifacts]
[2025-02-04 12:19:50,708: INFO: common: Created directory at artifacts/model_evaluation]
[2025-02-04 12:19:50,714: INFO: model_evaluation: Data and Model Loaded]
[2025-02-04 12:19:50,718: INFO: common: json file saved at artifacts\model_evaluation\metrics.json]
[2025-02-04 12:19:52,928: INFO: model_evaluation: Evaluation metrics are logged to MLFlow]
[2025-02-04 12:20:05,051: INFO: model_evaluation: Model is logged to MLFlow]
[2025-02-04 12:20:05,752: INFO: main: ================ Model Evaluation Stage Completed ================]
